<?xml version="1.0" encoding="UTF-8"?>
<testng-results ignored="0" total="8" passed="8" failed="0" skipped="0">
  <reporter-output>
  </reporter-output>
  <suite started-at="2023-01-18T14:23:03 CST" name="Default suite" finished-at="2023-01-18T14:23:13 CST" duration-ms="9845">
    <groups>
    </groups>
    <test started-at="2023-01-18T14:23:03 CST" name="Default test" finished-at="2023-01-18T14:23:13 CST" duration-ms="9845">
      <class name="automation.TestExecution">
        <test-method is-config="true" signature="beforeClass()[pri:0, instance:automation.TestExecution@55a147cc]" started-at="2023-01-18T14:23:03 CST" name="beforeClass" finished-at="2023-01-18T14:23:03 CST" duration-ms="8" status="PASS">
          <reporter-output>
          </reporter-output>
        </test-method> <!-- beforeClass -->
        <test-method signature="openBrowserToGoogleStartPage()[pri:1, instance:automation.TestExecution@55a147cc]" started-at="2023-01-18T14:23:03 CST" name="openBrowserToGoogleStartPage" finished-at="2023-01-18T14:23:07 CST" duration-ms="3483" status="PASS">
          <reporter-output>
          </reporter-output>
        </test-method> <!-- openBrowserToGoogleStartPage -->
        <test-method signature="searchFocusServices()[pri:2, instance:automation.TestExecution@55a147cc]" started-at="2023-01-18T14:23:07 CST" name="searchFocusServices" finished-at="2023-01-18T14:23:08 CST" duration-ms="1891" status="PASS">
          <reporter-output>
          </reporter-output>
        </test-method> <!-- searchFocusServices -->
        <test-method signature="verifyIfFocusURLExistsInSearch()[pri:3, instance:automation.TestExecution@55a147cc]" started-at="2023-01-18T14:23:08 CST" name="verifyIfFocusURLExistsInSearch" finished-at="2023-01-18T14:23:10 CST" duration-ms="1508" status="PASS">
          <reporter-output>
          </reporter-output>
        </test-method> <!-- verifyIfFocusURLExistsInSearch -->
        <test-method signature="verifyIfNowHiringButtonxists()[pri:4, instance:automation.TestExecution@55a147cc]" started-at="2023-01-18T14:23:10 CST" name="verifyIfNowHiringButtonxists" finished-at="2023-01-18T14:23:10 CST" duration-ms="43" status="PASS">
          <reporter-output>
          </reporter-output>
        </test-method> <!-- verifyIfNowHiringButtonxists -->
        <test-method signature="clickOnLocationsTab()[pri:5, instance:automation.TestExecution@55a147cc]" started-at="2023-01-18T14:23:10 CST" name="clickOnLocationsTab" finished-at="2023-01-18T14:23:12 CST" duration-ms="2069" status="PASS">
          <reporter-output>
          </reporter-output>
        </test-method> <!-- clickOnLocationsTab -->
        <test-method signature="assertNorthAmericaLink()[pri:6, instance:automation.TestExecution@55a147cc]" started-at="2023-01-18T14:23:12 CST" name="assertNorthAmericaLink" finished-at="2023-01-18T14:23:12 CST" duration-ms="49" status="PASS">
          <reporter-output>
          </reporter-output>
        </test-method> <!-- assertNorthAmericaLink -->
        <test-method signature="validateCentralAmericaLocation()[pri:7, instance:automation.TestExecution@55a147cc]" started-at="2023-01-18T14:23:12 CST" name="validateCentralAmericaLocation" finished-at="2023-01-18T14:23:13 CST" duration-ms="428" status="PASS">
          <reporter-output>
          </reporter-output>
        </test-method> <!-- validateCentralAmericaLocation -->
        <test-method signature="validateAsiaLocation()[pri:8, instance:automation.TestExecution@55a147cc]" started-at="2023-01-18T14:23:13 CST" name="validateAsiaLocation" finished-at="2023-01-18T14:23:13 CST" duration-ms="213" status="PASS">
          <reporter-output>
          </reporter-output>
        </test-method> <!-- validateAsiaLocation -->
        <test-method is-config="true" signature="afterClass()[pri:0, instance:automation.TestExecution@55a147cc]" started-at="2023-01-18T14:23:13 CST" name="afterClass" finished-at="2023-01-18T14:23:13 CST" duration-ms="123" status="PASS">
          <reporter-output>
          </reporter-output>
        </test-method> <!-- afterClass -->
      </class> <!-- automation.TestExecution -->
    </test> <!-- Default test -->
  </suite> <!-- Default suite -->
</testng-results>
