<?xml version="1.0" encoding="UTF-8"?>
<!-- Generated by org.testng.reporters.JUnitXMLReporter -->
<testsuite ignored="0" hostname="DESKTOP-H23TMEE" failures="0" tests="8" name="Default test" time="9.845" errors="0" timestamp="2023-01-18T14:23:13 CST">
  <testcase classname="automation.TestExecution" name="openBrowserToGoogleStartPage" time="3.483"/>
  <testcase classname="automation.TestExecution" name="searchFocusServices" time="1.891"/>
  <testcase classname="automation.TestExecution" name="verifyIfFocusURLExistsInSearch" time="1.508"/>
  <testcase classname="automation.TestExecution" name="verifyIfNowHiringButtonxists" time="0.043"/>
  <testcase classname="automation.TestExecution" name="clickOnLocationsTab" time="2.069"/>
  <testcase classname="automation.TestExecution" name="assertNorthAmericaLink" time="0.049"/>
  <testcase classname="automation.TestExecution" name="validateCentralAmericaLocation" time="0.428"/>
  <testcase classname="automation.TestExecution" name="validateAsiaLocation" time="0.213"/>
</testsuite> <!-- Default test -->
